Arguments: 
  /Users/liujianlin/.nvm/versions/node/v8.9.0/bin/node /usr/local/Cellar/yarn/1.3.2/libexec/bin/yarn.js add moment

PATH: 
  /Library/Frameworks/Python.framework/Versions/2.7/bin:/Applications/Visual Studio Code.app/Contents/Resources/app/bin:/Users/liujianlin/.nvm/versions/node/v8.9.0/bin:/usr/local/bin:/usr/bin:/bin:/usr/sbin:/sbin:/Users/liujianlin/workSpace/mongodb/bin:/Users/liujianlin/Documents/script:/Users/liujianlin/Library/Android/sdk/platform-tools

Yarn version: 
  1.3.2

Node version: 
  8.9.0

Platform: 
  darwin x64

npm manifest: 
  {
    "private": true,
    "scripts": {
      "start": "roadhog server",
      "build": "roadhog build",
      "lint": "eslint --ext .js src test",
      "precommit": "npm run lint"
    },
    "engines": {
      "install-node": "6.11.1"
    },
    "dependencies": {
      "antd": "^3.0.3",
      "babel-runtime": "^6.9.2",
      "dva": "^2.1.0",
      "dva-loading": "^1.0.4",
      "qrcode.react": "^0.7.2",
      "query-string": "^5.0.1",
      "react": "^15.4.0",
      "react-dom": "^15.4.0"
    },
    "devDependencies": {
      "babel-eslint": "^7.1.1",
      "babel-plugin-dva-hmr": "^0.3.2",
      "babel-plugin-import": "^1.6.3",
      "babel-plugin-transform-runtime": "^6.9.0",
      "eslint": "^3.12.2",
      "eslint-config-airbnb": "^13.0.0",
      "eslint-plugin-import": "^2.2.0",
      "eslint-plugin-jsx-a11y": "^2.2.3",
      "eslint-plugin-react": "^6.8.0",
      "expect": "^1.20.2",
      "husky": "^0.12.0",
      "redbox-react": "^1.4.3",
      "roadhog": "^1.2.1"
    }
  }

yarn manifest: 
  No manifest

Lockfile: 
  No lockfile

Trace: 
  Error: EINVAL: invalid argument, unlink '/Users/liujianlin/WebstormProjects/Education/node_modules/copy-webpack-plugin/node_modules/is-glob'
